composer : Installing 
dependencies from lock file 
(including require-dev)
At line:1 char:1
+ composer install > 
composer_error.log 2>&1
+ ~~~~~~~~~~~~~~~~~~~~~~~~~~~
~~~~~~~~~~~~~~~
    + CategoryInfo           
   : NotSpecified: (Install  
  ing depe...ng require-de   
 v):String) [], RemoteExc    
eption
    + FullyQualifiedErrorId  
   : NativeCommandError
 
Verifying lock file contents 
can be installed on current 
platform.
Your lock file does not 
contain a compatible set of 
packages. Please run 
composer update.

  Problem 1
    - 
maennchen/zipstream-php is 
locked to version 3.2.1 and 
an update of this package 
was not requested.
    - 
maennchen/zipstream-php 
3.2.1 requires php-64bit 
^8.3 -> your php-64bit 
version (8.2.12) does not 
satisfy that requirement.
  Problem 2
    - 
phpoffice/phpspreadsheet is 
locked to version 1.30.2 and 
an update of this package 
was not requested.
    - 
maennchen/zipstream-php 
3.2.1 requires php-64bit 
^8.3 -> your php-64bit 
version (8.2.12) does not 
satisfy that requirement.
    - 
phpoffice/phpspreadsheet 
1.30.2 requires 
maennchen/zipstream-php ^2.1 
|| ^3.0 -> satisfiable by mae
nnchen/zipstream-php[3.2.1].

